[2020-03-30 13:59:27] local.ERROR: Failed to listen on "tcp://0.0.0.0:6001": Address already in use {"exception":"[object] (RuntimeException(code: 0): Failed to listen on \"tcp://0.0.0.0:6001\": Address already in use at /home/ubuntu/environment/ApiSanLuis/vendor/react/socket/src/TcpServer.php:164)
[stacktrace]
#0 /home/ubuntu/environment/ApiSanLuis/vendor/react/socket/src/Server.php(36): React\\Socket\\TcpServer->__construct('tcp://0.0.0.0:6...', Object(React\\EventLoop\\StreamSelectLoop), Array)
#1 /home/ubuntu/environment/ApiSanLuis/vendor/beyondcode/laravel-websockets/src/Server/WebSocketServerFactory.php(76): React\\Socket\\Server->__construct('0.0.0.0:6001', Object(React\\EventLoop\\StreamSelectLoop))
#2 /home/ubuntu/environment/ApiSanLuis/vendor/beyondcode/laravel-websockets/src/Console/StartWebSocketServer.php(134): BeyondCode\\LaravelWebSockets\\Server\\WebSocketServerFactory->createServer()
#3 /home/ubuntu/environment/ApiSanLuis/vendor/beyondcode/laravel-websockets/src/Console/StartWebSocketServer.php(48): BeyondCode\\LaravelWebSockets\\Console\\StartWebSocketServer->startWebSocketServer()
#4 [internal function]: BeyondCode\\LaravelWebSockets\\Console\\StartWebSocketServer->handle()
#5 /home/ubuntu/environment/ApiSanLuis/vendor/laravel/framework/src/Illuminate/Container/BoundMethod.php(32): call_user_func_array(Array, Array)
#6 /home/ubuntu/environment/ApiSanLuis/vendor/laravel/framework/src/Illuminate/Container/BoundMethod.php(90): Illuminate\\Container\\BoundMethod::Illuminate\\Container\\{closure}()
#7 /home/ubuntu/environment/ApiSanLuis/vendor/laravel/framework/src/Illuminate/Container/BoundMethod.php(34): Illuminate\\Container\\BoundMethod::callBoundMethod(Object(Illuminate\\Foundation\\Application), Array, Object(Closure))
#8 /home/ubuntu/environment/ApiSanLuis/vendor/laravel/framework/src/Illuminate/Container/Container.php(576): Illuminate\\Container\\BoundMethod::call(Object(Illuminate\\Foundation\\Application), Array, Array, NULL)
#9 /home/ubuntu/environment/ApiSanLuis/vendor/laravel/framework/src/Illuminate/Console/Command.php(183): Illuminate\\Container\\Container->call(Array)
#10 /home/ubuntu/environment/ApiSanLuis/vendor/symfony/console/Command/Command.php(255): Illuminate\\Console\\Command->execute(Object(Symfony\\Component\\Console\\Input\\ArgvInput), Object(Illuminate\\Console\\OutputStyle))
#11 /home/ubuntu/environment/ApiSanLuis/vendor/laravel/framework/src/Illuminate/Console/Command.php(170): Symfony\\Component\\Console\\Command\\Command->run(Object(Symfony\\Component\\Console\\Input\\ArgvInput), Object(Illuminate\\Console\\OutputStyle))
#12 /home/ubuntu/environment/ApiSanLuis/vendor/symfony/console/Application.php(1011): Illuminate\\Console\\Command->run(Object(Symfony\\Component\\Console\\Input\\ArgvInput), Object(Symfony\\Component\\Console\\Output\\ConsoleOutput))
#13 /home/ubuntu/environment/ApiSanLuis/vendor/symfony/console/Application.php(272): Symfony\\Component\\Console\\Application->doRunCommand(Object(BeyondCode\\LaravelWebSockets\\Console\\StartWebSocketServer), Object(Symfony\\Component\\Console\\Input\\ArgvInput), Object(Symfony\\Component\\Console\\Output\\ConsoleOutput))
#14 /home/ubuntu/environment/ApiSanLuis/vendor/symfony/console/Application.php(148): Symfony\\Component\\Console\\Application->doRun(Object(Symfony\\Component\\Console\\Input\\ArgvInput), Object(Symfony\\Component\\Console\\Output\\ConsoleOutput))
#15 /home/ubuntu/environment/ApiSanLuis/vendor/laravel/framework/src/Illuminate/Console/Application.php(90): Symfony\\Component\\Console\\Application->run(Object(Symfony\\Component\\Console\\Input\\ArgvInput), Object(Symfony\\Component\\Console\\Output\\ConsoleOutput))
#16 /home/ubuntu/environment/ApiSanLuis/vendor/laravel/framework/src/Illuminate/Foundation/Console/Kernel.php(133): Illuminate\\Console\\Application->run(Object(Symfony\\Component\\Console\\Input\\ArgvInput), Object(Symfony\\Component\\Console\\Output\\ConsoleOutput))
#17 /home/ubuntu/environment/ApiSanLuis/artisan(37): Illuminate\\Foundation\\Console\\Kernel->handle(Object(Symfony\\Component\\Console\\Input\\ArgvInput), Object(Symfony\\Component\\Console\\Output\\ConsoleOutput))
#18 {main}
"} 
